<?xml version="1.0" encoding="UTF-8"?>
<testsuite xmlns:xsi="http://www.w3.org/2001/XMLSchema-instance" xsi:noNamespaceSchemaLocation="https://maven.apache.org/surefire/maven-surefire-plugin/xsd/surefire-test-report.xsd" name="Controller.ClienteDAOTest" time="0.627" tests="2" errors="2" skipped="0" failures="0">
  <properties>
    <property name="java.specification.version" value="18"/>
    <property name="sun.cpu.isalist" value="amd64"/>
    <property name="sun.jnu.encoding" value="Cp1252"/>
    <property name="java.class.path" value="C:\Users\Guilherme Andreotti\Desktop\Manutenção\Manutencao2023\ProjetoLivraria\target\test-classes;C:\Users\Guilherme Andreotti\Desktop\Manutenção\Manutencao2023\ProjetoLivraria\target\classes;C:\Users\Guilherme Andreotti\.m2\repository\org\postgresql\postgresql\42.5.0\postgresql-42.5.0.jar;C:\Users\Guilherme Andreotti\.m2\repository\org\checkerframework\checker-qual\3.5.0\checker-qual-3.5.0.jar;C:\Users\Guilherme Andreotti\.m2\repository\org\junit\jupiter\junit-jupiter-api\5.6.2\junit-jupiter-api-5.6.2.jar;C:\Users\Guilherme Andreotti\.m2\repository\org\apiguardian\apiguardian-api\1.1.0\apiguardian-api-1.1.0.jar;C:\Users\Guilherme Andreotti\.m2\repository\org\opentest4j\opentest4j\1.2.0\opentest4j-1.2.0.jar;C:\Users\Guilherme Andreotti\.m2\repository\org\junit\platform\junit-platform-commons\1.6.2\junit-platform-commons-1.6.2.jar;C:\Users\Guilherme Andreotti\.m2\repository\org\junit\jupiter\junit-jupiter-params\5.6.0\junit-jupiter-params-5.6.0.jar;C:\Users\Guilherme Andreotti\.m2\repository\org\junit\jupiter\junit-jupiter-engine\5.6.0\junit-jupiter-engine-5.6.0.jar;C:\Users\Guilherme Andreotti\.m2\repository\org\junit\platform\junit-platform-engine\1.6.0\junit-platform-engine-1.6.0.jar;C:\Users\Guilherme Andreotti\.m2\repository\net\sf\jasperreports\jasperreports\6.20.3\jasperreports-6.20.3.jar;C:\Users\Guilherme Andreotti\.m2\repository\commons-beanutils\commons-beanutils\1.9.4\commons-beanutils-1.9.4.jar;C:\Users\Guilherme Andreotti\.m2\repository\commons-collections\commons-collections\3.2.2\commons-collections-3.2.2.jar;C:\Users\Guilherme Andreotti\.m2\repository\commons-digester\commons-digester\2.1\commons-digester-2.1.jar;C:\Users\Guilherme Andreotti\.m2\repository\commons-logging\commons-logging\1.1.1\commons-logging-1.1.1.jar;C:\Users\Guilherme Andreotti\.m2\repository\org\apache\commons\commons-collections4\4.2\commons-collections4-4.2.jar;C:\Users\Guilherme Andreotti\.m2\repository\org\jfree\jcommon\1.0.23\jcommon-1.0.23.jar;C:\Users\Guilherme Andreotti\.m2\repository\org\jfree\jfreechart\1.0.19\jfreechart-1.0.19.jar;C:\Users\Guilherme Andreotti\.m2\repository\org\eclipse\jdt\ecj\3.21.0\ecj-3.21.0.jar;C:\Users\Guilherme Andreotti\.m2\repository\com\fasterxml\jackson\core\jackson-core\2.14.1\jackson-core-2.14.1.jar;C:\Users\Guilherme Andreotti\.m2\repository\com\fasterxml\jackson\core\jackson-databind\2.14.1\jackson-databind-2.14.1.jar;C:\Users\Guilherme Andreotti\.m2\repository\com\fasterxml\jackson\core\jackson-annotations\2.14.1\jackson-annotations-2.14.1.jar;C:\Users\Guilherme Andreotti\.m2\repository\com\fasterxml\jackson\dataformat\jackson-dataformat-xml\2.14.1\jackson-dataformat-xml-2.14.1.jar;C:\Users\Guilherme Andreotti\.m2\repository\org\codehaus\woodstox\stax2-api\4.2.1\stax2-api-4.2.1.jar;C:\Users\Guilherme Andreotti\.m2\repository\com\fasterxml\woodstox\woodstox-core\6.4.0\woodstox-core-6.4.0.jar;"/>
    <property name="java.vm.vendor" value="Oracle Corporation"/>
    <property name="sun.arch.data.model" value="64"/>
    <property name="user.variant" value=""/>
    <property name="java.vendor.url" value="https://java.oracle.com/"/>
    <property name="user.timezone" value="America/Sao_Paulo"/>
    <property name="os.name" value="Windows 10"/>
    <property name="java.vm.specification.version" value="18"/>
    <property name="user.country" value="BR"/>
    <property name="sun.java.launcher" value="SUN_STANDARD"/>
    <property name="sun.boot.library.path" value="C:\Program Files\Java\jdk-18.0.2.1\bin"/>
    <property name="sun.java.command" value="C:\Users\GUILHE~1\AppData\Local\Temp\surefire8478083194857075038\surefirebooter17364578123684176854.jar C:\Users\Guilherme Andreotti\AppData\Local\Temp\surefire8478083194857075038 2023-05-17T12-38-37_266-jvmRun1 surefire12269868553861764215tmp surefire_06453591121666348281tmp"/>
    <property name="jdk.debug" value="release"/>
    <property name="test" value="Controller.**.*Test"/>
    <property name="surefire.test.class.path" value="C:\Users\Guilherme Andreotti\Desktop\Manutenção\Manutencao2023\ProjetoLivraria\target\test-classes;C:\Users\Guilherme Andreotti\Desktop\Manutenção\Manutencao2023\ProjetoLivraria\target\classes;C:\Users\Guilherme Andreotti\.m2\repository\org\postgresql\postgresql\42.5.0\postgresql-42.5.0.jar;C:\Users\Guilherme Andreotti\.m2\repository\org\checkerframework\checker-qual\3.5.0\checker-qual-3.5.0.jar;C:\Users\Guilherme Andreotti\.m2\repository\org\junit\jupiter\junit-jupiter-api\5.6.2\junit-jupiter-api-5.6.2.jar;C:\Users\Guilherme Andreotti\.m2\repository\org\apiguardian\apiguardian-api\1.1.0\apiguardian-api-1.1.0.jar;C:\Users\Guilherme Andreotti\.m2\repository\org\opentest4j\opentest4j\1.2.0\opentest4j-1.2.0.jar;C:\Users\Guilherme Andreotti\.m2\repository\org\junit\platform\junit-platform-commons\1.6.2\junit-platform-commons-1.6.2.jar;C:\Users\Guilherme Andreotti\.m2\repository\org\junit\jupiter\junit-jupiter-params\5.6.0\junit-jupiter-params-5.6.0.jar;C:\Users\Guilherme Andreotti\.m2\repository\org\junit\jupiter\junit-jupiter-engine\5.6.0\junit-jupiter-engine-5.6.0.jar;C:\Users\Guilherme Andreotti\.m2\repository\org\junit\platform\junit-platform-engine\1.6.0\junit-platform-engine-1.6.0.jar;C:\Users\Guilherme Andreotti\.m2\repository\net\sf\jasperreports\jasperreports\6.20.3\jasperreports-6.20.3.jar;C:\Users\Guilherme Andreotti\.m2\repository\commons-beanutils\commons-beanutils\1.9.4\commons-beanutils-1.9.4.jar;C:\Users\Guilherme Andreotti\.m2\repository\commons-collections\commons-collections\3.2.2\commons-collections-3.2.2.jar;C:\Users\Guilherme Andreotti\.m2\repository\commons-digester\commons-digester\2.1\commons-digester-2.1.jar;C:\Users\Guilherme Andreotti\.m2\repository\commons-logging\commons-logging\1.1.1\commons-logging-1.1.1.jar;C:\Users\Guilherme Andreotti\.m2\repository\org\apache\commons\commons-collections4\4.2\commons-collections4-4.2.jar;C:\Users\Guilherme Andreotti\.m2\repository\org\jfree\jcommon\1.0.23\jcommon-1.0.23.jar;C:\Users\Guilherme Andreotti\.m2\repository\org\jfree\jfreechart\1.0.19\jfreechart-1.0.19.jar;C:\Users\Guilherme Andreotti\.m2\repository\org\eclipse\jdt\ecj\3.21.0\ecj-3.21.0.jar;C:\Users\Guilherme Andreotti\.m2\repository\com\fasterxml\jackson\core\jackson-core\2.14.1\jackson-core-2.14.1.jar;C:\Users\Guilherme Andreotti\.m2\repository\com\fasterxml\jackson\core\jackson-databind\2.14.1\jackson-databind-2.14.1.jar;C:\Users\Guilherme Andreotti\.m2\repository\com\fasterxml\jackson\core\jackson-annotations\2.14.1\jackson-annotations-2.14.1.jar;C:\Users\Guilherme Andreotti\.m2\repository\com\fasterxml\jackson\dataformat\jackson-dataformat-xml\2.14.1\jackson-dataformat-xml-2.14.1.jar;C:\Users\Guilherme Andreotti\.m2\repository\org\codehaus\woodstox\stax2-api\4.2.1\stax2-api-4.2.1.jar;C:\Users\Guilherme Andreotti\.m2\repository\com\fasterxml\woodstox\woodstox-core\6.4.0\woodstox-core-6.4.0.jar;"/>
    <property name="sun.cpu.endian" value="little"/>
    <property name="user.home" value="C:\Users\Guilherme Andreotti"/>
    <property name="user.language" value="pt"/>
    <property name="java.specification.vendor" value="Oracle Corporation"/>
    <property name="java.version.date" value="2022-08-18"/>
    <property name="java.home" value="C:\Program Files\Java\jdk-18.0.2.1"/>
    <property name="file.separator" value="\"/>
    <property name="basedir" value="C:\Users\Guilherme Andreotti\Desktop\Manutenção\Manutencao2023\ProjetoLivraria"/>
    <property name="java.vm.compressedOopsMode" value="32-bit"/>
    <property name="line.separator" value="&#10;"/>
    <property name="java.vm.specification.vendor" value="Oracle Corporation"/>
    <property name="java.specification.name" value="Java Platform API Specification"/>
    <property name="surefire.real.class.path" value="C:\Users\GUILHE~1\AppData\Local\Temp\surefire8478083194857075038\surefirebooter17364578123684176854.jar"/>
    <property name="user.script" value=""/>
    <property name="sun.management.compiler" value="HotSpot 64-Bit Tiered Compilers"/>
    <property name="java.runtime.version" value="18.0.2.1+1-1"/>
    <property name="user.name" value="Guilherme Andreotti"/>
    <property name="path.separator" value=";"/>
    <property name="os.version" value="10.0"/>
    <property name="java.runtime.name" value="Java(TM) SE Runtime Environment"/>
    <property name="file.encoding" value="UTF-8"/>
    <property name="java.vm.name" value="Java HotSpot(TM) 64-Bit Server VM"/>
    <property name="maven.ext.class.path" value="C:\Program Files\NetBeans-17\netbeans\java\maven-nblib\netbeans-eventspy.jar"/>
    <property name="localRepository" value="C:\Users\Guilherme Andreotti\.m2\repository"/>
    <property name="java.vendor.url.bug" value="https://bugreport.java.com/bugreport/"/>
    <property name="java.io.tmpdir" value="C:\Users\GUILHE~1\AppData\Local\Temp\"/>
    <property name="java.version" value="18.0.2.1"/>
    <property name="user.dir" value="C:\Users\Guilherme Andreotti\Desktop\Manutenção\Manutencao2023\ProjetoLivraria"/>
    <property name="os.arch" value="amd64"/>
    <property name="java.vm.specification.name" value="Java Virtual Machine Specification"/>
    <property name="sun.os.patch.level" value=""/>
    <property name="native.encoding" value="Cp1252"/>
    <property name="java.library.path" value="C:\Program Files\Java\jdk-18.0.2.1\bin;C:\Windows\Sun\Java\bin;C:\Windows\system32;C:\Windows;C:\Users\Guilherme Andreotti\AppData\Local\Android\Sdk\emulator;C:\Users\Guilherme Andreotti\AppData\Local\Android\Sdk\platform-tools;C:\Python311\Scripts\;C:\Python311\;C:\Program Files\Java\jdk-18.0.2\bin;C:\Program Files\Common Files\Oracle\Java\javapath;C:\Windows\system32;C:\Windows;C:\Windows\System32\Wbem;C:\Windows\System32\WindowsPowerShell\v1.0\;C:\Windows\System32\OpenSSH\;C:\Program Files (x86)\NVIDIA Corporation\PhysX\Common;C:\Program Files\dotnet\;C:\ProgramData\chocolatey\bin;C:\Program Files\nodejs\;C:\Users\Guilherme Andreotti\AppData\Local\Android\Sdk\;H:\Git\cmd;C:\MinGW\bin;C:\Program Files\MySQL\MySQL Shell 8.0\bin\;C:\Users\Guilherme Andreotti\AppData\Local\Microsoft\WindowsApps;H:\Programas e Instaladores\Microsoft VS Code\bin;H:\tex\miktex\bin\x64\;C:\Users\Guilherme Andreotti\AppData\Local\GitHubDesktop\bin;C:\Users\Guilherme Andreotti\AppData\Roaming\npm;;."/>
    <property name="java.vm.info" value="mixed mode, sharing"/>
    <property name="java.vendor" value="Oracle Corporation"/>
    <property name="java.vm.version" value="18.0.2.1+1-1"/>
    <property name="sun.io.unicode.encoding" value="UnicodeLittle"/>
    <property name="java.class.version" value="62.0"/>
  </properties>
  <testcase name="testTelefoneCadastrado" classname="Controller.ClienteDAOTest" time="0.506">
    <error message="Cannot invoke &quot;String.replaceAll(String, String)&quot; because the return value of &quot;Model.Aluguel.getDataDev()&quot; is null" type="java.lang.NullPointerException">java.lang.NullPointerException: Cannot invoke "String.replaceAll(String, String)" because the return value of "Model.Aluguel.getDataDev()" is null
	at Controller.ClienteDAOTest.setCaminhos(ClienteDAOTest.java:32)
	at Controller.ClienteDAOTest.testTelefoneCadastrado(ClienteDAOTest.java:102)
</error>
  </testcase>
  <testcase name="registroDuploTest" classname="Controller.ClienteDAOTest" time="0.098">
    <error message="Cannot invoke &quot;String.replaceAll(String, String)&quot; because the return value of &quot;Model.Aluguel.getDataDev()&quot; is null" type="java.lang.NullPointerException">java.lang.NullPointerException: Cannot invoke "String.replaceAll(String, String)" because the return value of "Model.Aluguel.getDataDev()" is null
	at Controller.ClienteDAOTest.setCaminhos(ClienteDAOTest.java:32)
	at Controller.ClienteDAOTest.registroDuploTest(ClienteDAOTest.java:68)
</error>
  </testcase>
</testsuite>